d:\imserver\imserver\debug\vc142.pdb
d:\imserver\imserver\debug\vc142.idb
d:\imserver\imserver\debug\udp.obj
d:\imserver\imserver\debug\tcpserver.obj
d:\imserver\imserver\debug\tcpclient.obj
d:\imserver\imserver\debug\udpmediator.obj
d:\imserver\imserver\debug\tcpservermediator.obj
d:\imserver\imserver\debug\tcpclientmediator.obj
d:\imserver\imserver\debug\main.obj
d:\imserver\imserver\debug\ckernel.obj
d:\imserver\debug\imserver.pdb
d:\imserver\imserver\debug\imserver.tlog\cl.command.1.tlog
d:\imserver\imserver\debug\imserver.tlog\cl.read.1.tlog
d:\imserver\imserver\debug\imserver.tlog\cl.write.1.tlog
d:\imserver\imserver\debug\imserver.tlog\link-cvtres.read.1.tlog
d:\imserver\imserver\debug\imserver.tlog\link-cvtres.write.1.tlog
d:\imserver\imserver\debug\imserver.tlog\link-rc.read.1.tlog
d:\imserver\imserver\debug\imserver.tlog\link-rc.write.1.tlog
d:\imserver\imserver\debug\imserver.tlog\link.command.1.tlog
d:\imserver\imserver\debug\imserver.tlog\link.read.1.tlog
d:\imserver\imserver\debug\imserver.tlog\link.write.1.tlog
