d:\imserver\imserver\x64\debug\vc142.pdb
d:\imserver\imserver\x64\debug\vc142.idb
d:\imserver\imserver\x64\debug\udp.obj
d:\imserver\imserver\x64\debug\tcpserver.obj
d:\imserver\imserver\x64\debug\tcpclient.obj
d:\imserver\imserver\x64\debug\cmysql.obj
d:\imserver\imserver\x64\debug\udpmediator.obj
d:\imserver\imserver\x64\debug\tcpservermediator.obj
d:\imserver\imserver\x64\debug\tcpclientmediator.obj
d:\imserver\imserver\x64\debug\main.obj
d:\imserver\imserver\x64\debug\ckernel.obj
d:\imserver\x64\debug\imserver.exe
d:\imserver\imserver\x64\debug\imserver.ilk
d:\imserver\x64\debug\imserver.pdb
d:\imserver\imserver\x64\debug\imserver.tlog\cl.command.1.tlog
d:\imserver\imserver\x64\debug\imserver.tlog\cl.read.1.tlog
d:\imserver\imserver\x64\debug\imserver.tlog\cl.write.1.tlog
d:\imserver\imserver\x64\debug\imserver.tlog\link.command.1.tlog
d:\imserver\imserver\x64\debug\imserver.tlog\link.read.1.tlog
d:\imserver\imserver\x64\debug\imserver.tlog\link.write.1.tlog
